<?xml version="1.0" encoding="UTF-8"?>
<!-- Generated by org.testng.reporters.JUnitReportReporter -->
<testsuite skipped="0" hostname="DESKTOP-QRI54KL" name="org.java.Pom" tests="3" failures="0" timestamp="24 Apr 2021 06:01:22 GMT" time="0.031" errors="0">
  <testcase name="tc0" time="0.031" classname="org.java.Pom"/>
  <testcase name="tc1" time="0.000" classname="org.java.Pom"/>
  <testcase name="tc2" time="0.000" classname="org.java.Pom"/>
</testsuite> <!-- org.java.Pom -->
