<?xml version="1.0" encoding="UTF-8"?>
<!-- Generated by org.testng.reporters.JUnitReportReporter -->
<testsuite skipped="0" hostname="DESKTOP-QRI54KL" name="org.java.TestngClass7" tests="1" failures="0" timestamp="20 Apr 2021 05:05:52 GMT" time="1.164" errors="0">
  <testcase name="test1" time="1.164" classname="org.java.TestngClass7"/>
</testsuite> <!-- org.java.TestngClass7 -->
