<?xml version="1.0" encoding="UTF-8"?>
<!-- Generated by org.testng.reporters.JUnitReportReporter -->
<testsuite skipped="0" hostname="DESKTOP-QRI54KL" name="org.test.para.Chumma" tests="1" failures="0" timestamp="24 Apr 2021 05:06:58 GMT" time="0.031" errors="0">
  <testcase name="tc1" time="0.031" classname="org.test.para.Chumma"/>
</testsuite> <!-- org.test.para.Chumma -->
