<?xml version="1.0" encoding="UTF-8"?>
<!-- Generated by org.testng.reporters.JUnitReportReporter -->
<testsuite skipped="1" hostname="DESKTOP-QRI54KL" name="org.java.Testng8" tests="2" failures="0" timestamp="20 Apr 2021 12:32:25 GMT" time="0.022" errors="0">
  <testcase name="test2" time="0.022" classname="org.java.Testng8"/>
  <testcase name="test1" classname="org.java.Testng8">
    <skipped/>
  </testcase> <!-- test1 -->
</testsuite> <!-- org.java.Testng8 -->
